<?xml version="1.0" encoding="UTF-8"?>
<testng-results skipped="0" failed="0" ignored="0" total="1" passed="1">
  <reporter-output>
  </reporter-output>
  <suite name="Practice Suite" duration-ms="13587" started-at="2021-09-19T07:02:18Z" finished-at="2021-09-19T07:02:31Z">
    <groups>
    </groups>
    <test name="Testing" duration-ms="13587" started-at="2021-09-19T07:02:18Z" finished-at="2021-09-19T07:02:31Z">
      <class name="com.MyTests.LoginTest">
        <test-method status="PASS" signature="setUpTest(java.lang.String)[pri:0, instance:com.MyTests.LoginTest@77caeb3e]" name="setUpTest" is-config="true" duration-ms="12743" started-at="2021-09-19T07:02:18Z" finished-at="2021-09-19T07:02:30Z">
          <params>
            <param index="0">
              <value>
                <![CDATA[Chrome]]>
              </value>
            </param>
          </params>
          <reporter-output>
          </reporter-output>
        </test-method> <!-- setUpTest -->
        <test-method status="PASS" signature="verifyLoginPageTitleTest()[pri:1, instance:com.MyTests.LoginTest@77caeb3e]" name="verifyLoginPageTitleTest" duration-ms="45" started-at="2021-09-19T07:02:30Z" finished-at="2021-09-19T07:02:30Z">
          <reporter-output>
          </reporter-output>
        </test-method> <!-- verifyLoginPageTitleTest -->
        <test-method status="PASS" signature="tearDown()[pri:0, instance:com.MyTests.LoginTest@77caeb3e]" name="tearDown" is-config="true" duration-ms="779" started-at="2021-09-19T07:02:30Z" finished-at="2021-09-19T07:02:31Z">
          <reporter-output>
          </reporter-output>
        </test-method> <!-- tearDown -->
      </class> <!-- com.MyTests.LoginTest -->
    </test> <!-- Testing -->
  </suite> <!-- Practice Suite -->
</testng-results>
