<?xml version="1.0" encoding="UTF-8"?>
<!-- Generated by org.testng.reporters.JUnitXMLReporter -->
<testsuite hostname="IXC1-LT6QQQ3X2" ignored="1" name="CarLoan" tests="2" failures="0" timestamp="27 Aug 2021 07:48:34 GMT" time="0.032" errors="0">
  <testcase name="MobileLoginCarLoan" time="0.007" classname="com.MyTests.Car_loan"/>
  <testcase name="WebLoginCarLoan" time="0.001" classname="com.MyTests.Car_loan"/>
  <testcase name="APILoginCarLoan" time="0.0" classname="com.MyTests.Car_loan">
    <ignored/>
  </testcase> <!-- APILoginCarLoan -->
</testsuite> <!-- CarLoan -->
