<?xml version="1.0" encoding="UTF-8"?>
<!-- Generated by org.testng.reporters.JUnitXMLReporter -->
<testsuite hostname="IXC1-LT6QQQ3X2" ignored="0" name="HomeLoan" tests="3" failures="0" timestamp="27 Aug 2021 07:48:34 GMT" time="0.006" errors="0">
  <testcase name="APILoginHomeLoan" time="0.001" classname="com.MyTests.Home_loan"/>
  <testcase name="MobileLoginHomeLoan" time="0.0" classname="com.MyTests.Home_loan"/>
  <testcase name="WebLoginHomeLoan" time="0.001" classname="com.MyTests.Home_loan"/>
</testsuite> <!-- HomeLoan -->
