<?xml version="1.0" encoding="UTF-8"?>
<!-- Generated by org.testng.reporters.JUnitXMLReporter -->
<testsuite hostname="IXC1-LT6QQQ3X2" ignored="6" name="Loan" tests="3" failures="0" timestamp="27 Aug 2021 07:50:06 GMT" time="0.045" errors="0">
  <testcase name="APILoginCarLoan" time="0.01" classname="com.MyTests.Car_loan"/>
  <testcase name="MobileLoginHomeLoan" time="0.001" classname="com.MyTests.Home_loan"/>
  <testcase name="WebLoginPersonalLoan" time="0.001" classname="com.MyTests.Personal_loan"/>
  <testcase name="WebLoginCarLoan" time="0.0" classname="com.MyTests.Car_loan">
    <ignored/>
  </testcase> <!-- WebLoginCarLoan -->
  <testcase name="WebLoginHomeLoan" time="0.0" classname="com.MyTests.Home_loan">
    <ignored/>
  </testcase> <!-- WebLoginHomeLoan -->
  <testcase name="MobileLoginCarLoan" time="0.0" classname="com.MyTests.Car_loan">
    <ignored/>
  </testcase> <!-- MobileLoginCarLoan -->
  <testcase name="APILoginPersonalLoan" time="0.0" classname="com.MyTests.Personal_loan">
    <ignored/>
  </testcase> <!-- APILoginPersonalLoan -->
  <testcase name="MobileLoginPersonalLoan" time="0.0" classname="com.MyTests.Personal_loan">
    <ignored/>
  </testcase> <!-- MobileLoginPersonalLoan -->
  <testcase name="APILoginHomeLoan" time="0.0" classname="com.MyTests.Home_loan">
    <ignored/>
  </testcase> <!-- APILoginHomeLoan -->
</testsuite> <!-- Loan -->
