<?xml version="1.0" encoding="UTF-8"?>
<!-- Generated by org.testng.reporters.JUnitXMLReporter -->
<testsuite hostname="IXC1-LT6QQQ3X2" ignored="0" name="PersonaLoan" tests="3" failures="0" timestamp="27 Aug 2021 07:48:34 GMT" time="0.008" errors="0">
  <testcase name="APILoginPersonalLoan" time="0.001" classname="com.MyTests.Personal_loan"/>
  <testcase name="MobileLoginPersonalLoan" time="0.001" classname="com.MyTests.Personal_loan"/>
  <testcase name="WebLoginPersonalLoan" time="0.001" classname="com.MyTests.Personal_loan"/>
</testsuite> <!-- PersonaLoan -->
