<?xml version="1.0" encoding="UTF-8"?>
<!-- Generated by org.testng.reporters.JUnitXMLReporter -->
<testsuite hostname="IXC1-LT6QQQ3X2" ignored="2" name="Smoke" tests="1" failures="0" timestamp="27 Aug 2021 07:59:34 GMT" time="0.032" errors="0">
  <testcase name="RegressionTest" time="0.009" classname="com.MyTests.Car_loan"/>
  <testcase name="SmokeTestAndRegressionTest" time="0.0" classname="com.MyTests.Car_loan">
    <ignored/>
  </testcase> <!-- SmokeTestAndRegressionTest -->
  <testcase name="SmokeTest" time="0.0" classname="com.MyTests.Car_loan">
    <ignored/>
  </testcase> <!-- SmokeTest -->
</testsuite> <!-- Smoke -->
